<?xml version="1.0" encoding="UTF-8"?>
<testsuite xmlns:xsi="http://www.w3.org/2001/XMLSchema-instance" xsi:noNamespaceSchemaLocation="https://maven.apache.org/surefire/maven-surefire-plugin/xsd/surefire-test-report-3.0.xsd" version="3.0" name="tn.examen.templateexamen2324.Templateexamen2324ApplicationTests" time="13.458" tests="1" errors="0" skipped="0" failures="0">
  <properties>
[...]
</properties>
  <testcase name="contextLoads" classname="tn.examen.templateexamen2324.Templateexamen2324ApplicationTests" time="1.012">
    <system-out><![CDATA[23:24:59.220 [main] INFO org.springframework.test.context.support.AnnotationConfigContextLoaderUtils -- Could not detect default configuration classes for test class [tn.examen.templateexamen2324.Templateexamen2324ApplicationTests]: Templateexamen2324ApplicationTests does not declare any static, non-private, non-final, nested classes annotated with @Configuration.
23:24:59.466 [main] INFO org.springframework.boot.test.context.SpringBootTestContextBootstrapper -- Found @SpringBootConfiguration tn.examen.templateexamen2324.Templateexamen2324Application for test class tn.examen.templateexamen2324.Templateexamen2324ApplicationTests
23:24:59.868 [main] INFO org.springframework.boot.devtools.restart.RestartApplicationListener -- Restart disabled due to context in which it is running

  .   ____          _            __ _ _
 /\\ / ___'_ __ _ _(_)_ __  __ _ \ \ \ \
( ( )\___ | '_ | '_| | '_ \/ _` | \ \ \ \
 \\/  ___)| |_)| | | | | || (_| |  ) ) ) )
  '  |____| .__|_| |_|_| |_\__, | / / / /
 =========|_|==============|___/=/_/_/_/
 :: Spring Boot ::                (v3.1.6)

2024-02-19T23:25:00.645+01:00  INFO 1112 --- [           main] t.e.t.Templateexamen2324ApplicationTests : Starting Templateexamen2324ApplicationTests using Java 17.0.8 with PID 1112 (started by Fattouma PC in C:\Users\Fattouma PC\Desktop\Pi\pi-backend\Templateexamen23-24)
2024-02-19T23:25:00.647+01:00  INFO 1112 --- [           main] t.e.t.Templateexamen2324ApplicationTests : No active profile set, falling back to 1 default profile: "default"
2024-02-19T23:25:02.711+01:00  INFO 1112 --- [           main] .s.d.r.c.RepositoryConfigurationDelegate : Bootstrapping Spring Data JPA repositories in DEFAULT mode.
2024-02-19T23:25:02.845+01:00  INFO 1112 --- [           main] .s.d.r.c.RepositoryConfigurationDelegate : Finished Spring Data repository scanning in 113 ms. Found 2 JPA repository interfaces.
2024-02-19T23:25:03.817+01:00  INFO 1112 --- [           main] o.hibernate.jpa.internal.util.LogHelper  : HHH000204: Processing PersistenceUnitInfo [name: default]
2024-02-19T23:25:03.996+01:00  INFO 1112 --- [           main] org.hibernate.Version                    : HHH000412: Hibernate ORM core version 6.2.13.Final
2024-02-19T23:25:04.001+01:00  INFO 1112 --- [           main] org.hibernate.cfg.Environment            : HHH000406: Using bytecode reflection optimizer
2024-02-19T23:25:04.750+01:00  INFO 1112 --- [           main] o.s.o.j.p.SpringPersistenceUnitInfo      : No LoadTimeWeaver setup: ignoring JPA class transformer
2024-02-19T23:25:04.809+01:00  INFO 1112 --- [           main] com.zaxxer.hikari.HikariDataSource       : HikariPool-1 - Starting...
2024-02-19T23:25:05.342+01:00  INFO 1112 --- [           main] com.zaxxer.hikari.pool.HikariPool        : HikariPool-1 - Added connection com.mysql.cj.jdbc.ConnectionImpl@27bb4dc5
2024-02-19T23:25:05.345+01:00  INFO 1112 --- [           main] com.zaxxer.hikari.HikariDataSource       : HikariPool-1 - Start completed.
2024-02-19T23:25:05.437+01:00  WARN 1112 --- [           main] org.hibernate.dialect.Dialect            : HHH000511: The 5.5.0 version for [org.hibernate.dialect.MySQLDialect] is no longer supported, hence certain features may not work properly. The minimum supported version is 5.7.0. Check the community dialects project for available legacy versions.
2024-02-19T23:25:05.957+01:00  WARN 1112 --- [           main] o.h.boot.model.internal.EntityBinder     : HHH000139: Illegal use of @Table in a subclass of a SINGLE_TABLE hierarchy: tn.examen.templateexamen2324.entity.Individu
2024-02-19T23:25:06.016+01:00  WARN 1112 --- [           main] o.h.boot.model.internal.EntityBinder     : HHH000139: Illegal use of @Table in a subclass of a SINGLE_TABLE hierarchy: tn.examen.templateexamen2324.entity.Society
2024-02-19T23:25:07.999+01:00  INFO 1112 --- [           main] o.h.e.t.j.p.i.JtaPlatformInitiator       : HHH000489: No JTA platform available (set 'hibernate.transaction.jta.platform' to enable JTA platform integration)
Hibernate: create table candidature (id_candidature bigint not null auto_increment, cv varchar(255), date date, lettre varchar(255), status enum ('Accepted','Finish','In_progress','refused'), interview_id_interview bigint, individu_id varchar(255), offer_id_offre bigint, primary key (id_candidature)) engine=InnoDB
Hibernate: create table devis (id integer not null auto_increment, description varchar(255), file varchar(255), price float(23) not null, quantity integer not null, status bit not null, request_supply_id_request_supply bigint, society_id varchar(255), primary key (id)) engine=InnoDB
Hibernate: create table forum (id integer not null, date_debut date, description varchar(255), localisation varchar(255), primary key (id)) engine=InnoDB
Hibernate: create table forum_user (forum_id integer not null, user_id varchar(255) not null, primary key (forum_id, user_id)) engine=InnoDB
Hibernate: create table interview (id_interview bigint not null auto_increment, date date, primary key (id_interview)) engine=InnoDB
Hibernate: create table invoice (id_invoice integer not null auto_increment, comment varchar(255), description varchar(255), file varchar(255), staus bit, primary key (id_invoice)) engine=InnoDB
Hibernate: create table offer (id_offre bigint not null auto_increment, candidatnumber integer not null, offre_category enum ('AI','BI','Cloud','Developpment','Finnance','Software_enginner'), candidat_profil varchar(255), date_emission date, description varchar(255), duree varchar(255), society_id varchar(255), primary key (id_offre)) engine=InnoDB
Hibernate: create table pack (id bigint not null, prix float(23) not null, statut bit, type_pack tinyint, forum_id integer, stand_id bigint, primary key (id)) engine=InnoDB
Hibernate: create table reclamation (id integer not null auto_increment, description varchar(255), type_reclamation tinyint, user_id varchar(255), primary key (id)) engine=InnoDB
Hibernate: create table request_supply (id_request_supply bigint not null auto_increment, category varchar(255), date datetime(6), description varchar(255), quantity integer not null, validity integer not null, individu_id varchar(255), invoice_id_invoice integer, primary key (id_request_supply)) engine=InnoDB
Hibernate: create table room (id_room bigint not null auto_increment, num integer not null, status varchar(255), interview_id_interview bigint, primary key (id_room)) engine=InnoDB
Hibernate: create table sponsors (id_sponsor bigint not null auto_increment, contact_email varchar(255), contact_name varchar(255), contact_phone varchar(255), description varchar(255), logo_url varchar(255), name varchar(255), website varchar(255), user_id varchar(255), primary key (id_sponsor)) engine=InnoDB
Hibernate: create table stand (id bigint not null, statut bit, zone tinyint, primary key (id)) engine=InnoDB
Hibernate: create table user (dtype varchar(31) not null, id varchar(255) not null, email varchar(255), password varchar(255), username varchar(255), first_name varchar(255), identity varchar(255), last_name varchar(255), role enum ('Admin','Alumni','Community','FinancialDirection','Professor','Student'), adresse varchar(255), logo varchar(255), matricule integer, owner varchar(255), sector varchar(255), sit_fin varchar(255), primary key (id)) engine=InnoDB
Hibernate: alter table candidature drop index UK_kea8tcg280799tc9nbqwjv8cx
Hibernate: alter table candidature add constraint UK_kea8tcg280799tc9nbqwjv8cx unique (interview_id_interview)
Hibernate: alter table pack drop index UK_ikwimc0p16vya0gbvemytq5yr
Hibernate: alter table pack add constraint UK_ikwimc0p16vya0gbvemytq5yr unique (stand_id)
Hibernate: alter table request_supply drop index UK_5mv9uscbdflo789n9vpn8paha
Hibernate: alter table request_supply add constraint UK_5mv9uscbdflo789n9vpn8paha unique (invoice_id_invoice)
Hibernate: alter table candidature add constraint FK5slm7x099gypdm3qe3lronpli foreign key (interview_id_interview) references interview (id_interview)
Hibernate: alter table candidature add constraint FK2929k8ul1t1yd2vorefhp42u0 foreign key (individu_id) references user (id)
Hibernate: alter table candidature add constraint FK2u3wd9kfywqorp496pb21ji8x foreign key (offer_id_offre) references offer (id_offre)
Hibernate: alter table devis add constraint FKht2yfg4xrjkc37wv5xi6ep1ys foreign key (request_supply_id_request_supply) references request_supply (id_request_supply)
Hibernate: alter table devis add constraint FK6t23tea9nu9n4upe3jwp8oq4q foreign key (society_id) references user (id)
Hibernate: alter table forum_user add constraint FK8437iu16gn82e1sbspb4d88v2 foreign key (user_id) references user (id)
Hibernate: alter table forum_user add constraint FKkwv4898j6jjv2fyykffru7etx foreign key (forum_id) references forum (id)
Hibernate: alter table offer add constraint FK5u580lttkdx6qy52t623ycat8 foreign key (society_id) references user (id)
Hibernate: alter table pack add constraint FKq0f4rwdmqnsf09wxriu9c0446 foreign key (forum_id) references forum (id)
Hibernate: alter table pack add constraint FKitj0boussbie8780fvkrwb8hq foreign key (stand_id) references stand (id)
Hibernate: alter table reclamation add constraint FKiod4880pxfa5hl47euap9jta7 foreign key (user_id) references user (id)
Hibernate: alter table request_supply add constraint FKr3jmb3i73rjajw9i3oaqk1ick foreign key (individu_id) references user (id)
Hibernate: alter table request_supply add constraint FKjnpju9629ngv476omewjebt0 foreign key (invoice_id_invoice) references invoice (id_invoice)
Hibernate: alter table room add constraint FKcujaw0dauxs8g9o6q7y2ynn9t foreign key (interview_id_interview) references interview (id_interview)
Hibernate: alter table sponsors add constraint FKa7wh4mn392ral4h1o6vyxu4qk foreign key (user_id) references user (id)
2024-02-19T23:25:09.407+01:00  INFO 1112 --- [           main] j.LocalContainerEntityManagerFactoryBean : Initialized JPA EntityManagerFactory for persistence unit 'default'
2024-02-19T23:25:10.496+01:00  WARN 1112 --- [           main] JpaBaseConfiguration$JpaWebConfiguration : spring.jpa.open-in-view is enabled by default. Therefore, database queries may be performed during view rendering. Explicitly configure spring.jpa.open-in-view to disable this warning
2024-02-19T23:25:11.362+01:00  INFO 1112 --- [           main] t.e.t.Templateexamen2324ApplicationTests : Started Templateexamen2324ApplicationTests in 11.524 seconds (process running for 13.903)
]]></system-out>
  </testcase>
</testsuite>